[0.077s] Invoking command in '/home/tony/ws_mobile/build/mobile_robot': /usr/bin/cmake --build /home/tony/ws_mobile/build/mobile_robot -- -j4 -l4
[0.740s] Invoked command in '/home/tony/ws_mobile/build/mobile_robot' returned '0': /usr/bin/cmake --build /home/tony/ws_mobile/build/mobile_robot -- -j4 -l4
[0.796s] Invoking command in '/home/tony/ws_mobile/build/mobile_robot': /usr/bin/cmake --install /home/tony/ws_mobile/build/mobile_robot
[0.810s] -- Install configuration: ""
[0.850s] -- Up-to-date: /home/tony/ws_mobile/install/mobile_robot/share/mobile_robot/launch
[0.865s] -- Up-to-date: /home/tony/ws_mobile/install/mobile_robot/share/mobile_robot/launch/gazebo_model.launch.py
[0.865s] -- Up-to-date: /home/tony/ws_mobile/install/mobile_robot/share/mobile_robot/model
[0.866s] -- Up-to-date: /home/tony/ws_mobile/install/mobile_robot/share/mobile_robot/model/robot.xacro
[0.867s] -- Up-to-date: /home/tony/ws_mobile/install/mobile_robot/share/mobile_robot/model/robot.gazebo
[0.868s] -- Up-to-date: /home/tony/ws_mobile/install/mobile_robot/share/ament_index/resource_index/package_run_dependencies/mobile_robot
[0.868s] -- Up-to-date: /home/tony/ws_mobile/install/mobile_robot/share/ament_index/resource_index/parent_prefix_path/mobile_robot
[0.869s] -- Up-to-date: /home/tony/ws_mobile/install/mobile_robot/share/mobile_robot/environment/ament_prefix_path.sh
[0.869s] -- Up-to-date: /home/tony/ws_mobile/install/mobile_robot/share/mobile_robot/environment/ament_prefix_path.dsv
[0.869s] -- Up-to-date: /home/tony/ws_mobile/install/mobile_robot/share/mobile_robot/environment/path.sh
[0.870s] -- Up-to-date: /home/tony/ws_mobile/install/mobile_robot/share/mobile_robot/environment/path.dsv
[0.871s] -- Up-to-date: /home/tony/ws_mobile/install/mobile_robot/share/mobile_robot/local_setup.bash
[0.871s] -- Up-to-date: /home/tony/ws_mobile/install/mobile_robot/share/mobile_robot/local_setup.sh
[0.872s] -- Up-to-date: /home/tony/ws_mobile/install/mobile_robot/share/mobile_robot/local_setup.zsh
[0.872s] -- Up-to-date: /home/tony/ws_mobile/install/mobile_robot/share/mobile_robot/local_setup.dsv
[0.873s] -- Installing: /home/tony/ws_mobile/install/mobile_robot/share/mobile_robot/package.dsv
[0.897s] -- Up-to-date: /home/tony/ws_mobile/install/mobile_robot/share/ament_index/resource_index/packages/mobile_robot
[0.909s] -- Up-to-date: /home/tony/ws_mobile/install/mobile_robot/share/mobile_robot/cmake/mobile_robotConfig.cmake
[0.909s] -- Up-to-date: /home/tony/ws_mobile/install/mobile_robot/share/mobile_robot/cmake/mobile_robotConfig-version.cmake
[0.910s] -- Up-to-date: /home/tony/ws_mobile/install/mobile_robot/share/mobile_robot/package.xml
[0.922s] Invoked command in '/home/tony/ws_mobile/build/mobile_robot' returned '0': /usr/bin/cmake --install /home/tony/ws_mobile/build/mobile_robot
