[0.019s] Invoking command in '/home/tony/ws_mobile/build/mobile_robot': CMAKE_PREFIX_PATH=${CMAKE_PREFIX_PATH}:/opt/ros/humble /usr/bin/cmake --build /home/tony/ws_mobile/build/mobile_robot -- -j4 -l4
[0.080s] Invoked command in '/home/tony/ws_mobile/build/mobile_robot' returned '0': CMAKE_PREFIX_PATH=${CMAKE_PREFIX_PATH}:/opt/ros/humble /usr/bin/cmake --build /home/tony/ws_mobile/build/mobile_robot -- -j4 -l4
[0.150s] Invoking command in '/home/tony/ws_mobile/build/mobile_robot': CMAKE_PREFIX_PATH=${CMAKE_PREFIX_PATH}:/opt/ros/humble /usr/bin/cmake --install /home/tony/ws_mobile/build/mobile_robot
[0.163s] -- Install configuration: ""
[0.163s] -- Up-to-date: /home/tony/ws_mobile/install/mobile_robot/share/mobile_robot/launch
[0.163s] -- Installing: /home/tony/ws_mobile/install/mobile_robot/share/mobile_robot/launch/gazebo_model.launch.py
[0.164s] -- Up-to-date: /home/tony/ws_mobile/install/mobile_robot/share/mobile_robot/model
[0.164s] -- Up-to-date: /home/tony/ws_mobile/install/mobile_robot/share/mobile_robot/model/robot.xacro
[0.164s] -- Up-to-date: /home/tony/ws_mobile/install/mobile_robot/share/mobile_robot/model/pan_tilt.urdf
[0.164s] -- Up-to-date: /home/tony/ws_mobile/install/mobile_robot/share/mobile_robot/model/robot.gazebo
[0.165s] -- Up-to-date: /home/tony/ws_mobile/install/mobile_robot/share/ament_index/resource_index/package_run_dependencies/mobile_robot
[0.165s] -- Up-to-date: /home/tony/ws_mobile/install/mobile_robot/share/ament_index/resource_index/parent_prefix_path/mobile_robot
[0.165s] -- Up-to-date: /home/tony/ws_mobile/install/mobile_robot/share/mobile_robot/environment/ament_prefix_path.sh
[0.165s] -- Up-to-date: /home/tony/ws_mobile/install/mobile_robot/share/mobile_robot/environment/ament_prefix_path.dsv
[0.166s] -- Up-to-date: /home/tony/ws_mobile/install/mobile_robot/share/mobile_robot/environment/path.sh
[0.166s] -- Up-to-date: /home/tony/ws_mobile/install/mobile_robot/share/mobile_robot/environment/path.dsv
[0.166s] -- Up-to-date: /home/tony/ws_mobile/install/mobile_robot/share/mobile_robot/local_setup.bash
[0.166s] -- Up-to-date: /home/tony/ws_mobile/install/mobile_robot/share/mobile_robot/local_setup.sh
[0.167s] -- Up-to-date: /home/tony/ws_mobile/install/mobile_robot/share/mobile_robot/local_setup.zsh
[0.167s] -- Up-to-date: /home/tony/ws_mobile/install/mobile_robot/share/mobile_robot/local_setup.dsv
[0.167s] -- Installing: /home/tony/ws_mobile/install/mobile_robot/share/mobile_robot/package.dsv
[0.167s] -- Up-to-date: /home/tony/ws_mobile/install/mobile_robot/share/ament_index/resource_index/packages/mobile_robot
[0.167s] -- Up-to-date: /home/tony/ws_mobile/install/mobile_robot/share/mobile_robot/cmake/mobile_robotConfig.cmake
[0.168s] -- Up-to-date: /home/tony/ws_mobile/install/mobile_robot/share/mobile_robot/cmake/mobile_robotConfig-version.cmake
[0.168s] -- Up-to-date: /home/tony/ws_mobile/install/mobile_robot/share/mobile_robot/package.xml
[0.170s] Invoked command in '/home/tony/ws_mobile/build/mobile_robot' returned '0': CMAKE_PREFIX_PATH=${CMAKE_PREFIX_PATH}:/opt/ros/humble /usr/bin/cmake --install /home/tony/ws_mobile/build/mobile_robot
