[4.117s] DEBUG:colcon:Command line arguments: ['/usr/bin/colcon', 'build']
[4.118s] DEBUG:colcon:Parsed command line arguments: Namespace(log_base=None, log_level=None, verb_name='build', build_base='build', install_base='install', merge_install=False, symlink_install=False, test_result_base=None, continue_on_error=False, executor='parallel', parallel_workers=4, event_handlers=None, ignore_user_meta=False, metas=['./colcon.meta'], base_paths=['.'], packages_ignore=None, packages_ignore_regex=None, paths=None, packages_up_to=None, packages_up_to_regex=None, packages_above=None, packages_above_and_dependencies=None, packages_above_depth=None, packages_select_by_dep=None, packages_skip_by_dep=None, packages_skip_up_to=None, packages_select_build_failed=False, packages_skip_build_finished=False, packages_select_test_failures=False, packages_skip_test_passed=False, packages_select=None, packages_skip=None, packages_select_regex=None, packages_skip_regex=None, packages_start=None, packages_end=None, allow_overriding=[], cmake_args=None, cmake_target=None, cmake_target_skip_unavailable=False, cmake_clean_cache=False, cmake_clean_first=False, cmake_force_configure=False, ament_cmake_args=None, catkin_cmake_args=None, catkin_skip_building_tests=False, mixin_files=None, mixin=None, verb_parser=<colcon_mixin.mixin.mixin_argument.MixinArgumentDecorator object at 0x72909fb4e650>, verb_extension=<colcon_core.verb.build.BuildVerb object at 0x72909fc52c80>, main=<bound method BuildVerb.main of <colcon_core.verb.build.BuildVerb object at 0x72909fc52c80>>, mixin_verb=('build',))
[9.440s] Level 1:colcon.colcon_core.package_discovery:discover_packages(colcon_meta) check parameters
[9.441s] Level 1:colcon.colcon_core.package_discovery:discover_packages(recursive) check parameters
[9.441s] Level 1:colcon.colcon_core.package_discovery:discover_packages(ignore) check parameters
[9.441s] Level 1:colcon.colcon_core.package_discovery:discover_packages(path) check parameters
[9.442s] Level 1:colcon.colcon_core.package_discovery:discover_packages(colcon_meta) discover
[9.442s] Level 1:colcon.colcon_core.package_discovery:discover_packages(recursive) discover
[9.442s] INFO:colcon.colcon_core.package_discovery:Crawling recursively for packages in '/home/tony/ws_mobile'
[9.443s] Level 1:colcon.colcon_core.package_identification:_identify(.) by extensions ['ignore', 'ignore_ament_install']
[9.444s] Level 1:colcon.colcon_core.package_identification:_identify(.) by extension 'ignore'
[9.444s] Level 1:colcon.colcon_core.package_identification:_identify(.) by extension 'ignore_ament_install'
[9.445s] Level 1:colcon.colcon_core.package_identification:_identify(.) by extensions ['colcon_pkg']
[9.445s] Level 1:colcon.colcon_core.package_identification:_identify(.) by extension 'colcon_pkg'
[9.446s] Level 1:colcon.colcon_core.package_identification:_identify(.) by extensions ['colcon_meta']
[9.446s] Level 1:colcon.colcon_core.package_identification:_identify(.) by extension 'colcon_meta'
[9.446s] Level 1:colcon.colcon_core.package_identification:_identify(.) by extensions ['ros']
[9.446s] Level 1:colcon.colcon_core.package_identification:_identify(.) by extension 'ros'
[9.669s] Level 1:colcon.colcon_core.package_identification:_identify(.) by extensions ['cmake', 'python']
[9.669s] Level 1:colcon.colcon_core.package_identification:_identify(.) by extension 'cmake'
[9.669s] Level 1:colcon.colcon_core.package_identification:_identify(.) by extension 'python'
[9.669s] Level 1:colcon.colcon_core.package_identification:_identify(.) by extensions ['python_setup_py']
[9.670s] Level 1:colcon.colcon_core.package_identification:_identify(.) by extension 'python_setup_py'
[9.670s] Level 1:colcon.colcon_core.package_identification:_identify(build) by extensions ['ignore', 'ignore_ament_install']
[9.671s] Level 1:colcon.colcon_core.package_identification:_identify(build) by extension 'ignore'
[9.671s] Level 1:colcon.colcon_core.package_identification:_identify(build) ignored
[9.671s] Level 1:colcon.colcon_core.package_identification:_identify(install) by extensions ['ignore', 'ignore_ament_install']
[9.672s] Level 1:colcon.colcon_core.package_identification:_identify(install) by extension 'ignore'
[9.672s] Level 1:colcon.colcon_core.package_identification:_identify(install) ignored
[9.673s] Level 1:colcon.colcon_core.package_identification:_identify(log) by extensions ['ignore', 'ignore_ament_install']
[9.673s] Level 1:colcon.colcon_core.package_identification:_identify(log) by extension 'ignore'
[9.673s] Level 1:colcon.colcon_core.package_identification:_identify(log) ignored
[9.673s] Level 1:colcon.colcon_core.package_identification:_identify(src) by extensions ['ignore', 'ignore_ament_install']
[9.674s] Level 1:colcon.colcon_core.package_identification:_identify(src) by extension 'ignore'
[9.674s] Level 1:colcon.colcon_core.package_identification:_identify(src) by extension 'ignore_ament_install'
[9.674s] Level 1:colcon.colcon_core.package_identification:_identify(src) by extensions ['colcon_pkg']
[9.674s] Level 1:colcon.colcon_core.package_identification:_identify(src) by extension 'colcon_pkg'
[9.674s] Level 1:colcon.colcon_core.package_identification:_identify(src) by extensions ['colcon_meta']
[9.674s] Level 1:colcon.colcon_core.package_identification:_identify(src) by extension 'colcon_meta'
[9.674s] Level 1:colcon.colcon_core.package_identification:_identify(src) by extensions ['ros']
[9.675s] Level 1:colcon.colcon_core.package_identification:_identify(src) by extension 'ros'
[9.675s] Level 1:colcon.colcon_core.package_identification:_identify(src) by extensions ['cmake', 'python']
[9.675s] Level 1:colcon.colcon_core.package_identification:_identify(src) by extension 'cmake'
[9.694s] Level 1:colcon.colcon_core.package_identification:_identify(src) by extension 'python'
[9.695s] Level 1:colcon.colcon_core.package_identification:_identify(src) by extensions ['python_setup_py']
[9.695s] Level 1:colcon.colcon_core.package_identification:_identify(src) by extension 'python_setup_py'
[9.695s] Level 1:colcon.colcon_core.package_identification:_identify(src/mobile_robot) by extensions ['ignore', 'ignore_ament_install']
[9.696s] Level 1:colcon.colcon_core.package_identification:_identify(src/mobile_robot) by extension 'ignore'
[9.696s] Level 1:colcon.colcon_core.package_identification:_identify(src/mobile_robot) by extension 'ignore_ament_install'
[9.696s] Level 1:colcon.colcon_core.package_identification:_identify(src/mobile_robot) by extensions ['colcon_pkg']
[9.696s] Level 1:colcon.colcon_core.package_identification:_identify(src/mobile_robot) by extension 'colcon_pkg'
[9.696s] Level 1:colcon.colcon_core.package_identification:_identify(src/mobile_robot) by extensions ['colcon_meta']
[9.696s] Level 1:colcon.colcon_core.package_identification:_identify(src/mobile_robot) by extension 'colcon_meta'
[9.696s] Level 1:colcon.colcon_core.package_identification:_identify(src/mobile_robot) by extensions ['ros']
[9.697s] Level 1:colcon.colcon_core.package_identification:_identify(src/mobile_robot) by extension 'ros'
[10.112s] DEBUG:colcon.colcon_core.package_identification:Package 'src/mobile_robot' with type 'ros.ament_cmake' and name 'mobile_robot'
[10.112s] Level 1:colcon.colcon_core.package_discovery:discover_packages(recursive) using defaults
[10.113s] Level 1:colcon.colcon_core.package_discovery:discover_packages(ignore) discover
[10.113s] Level 1:colcon.colcon_core.package_discovery:discover_packages(ignore) using defaults
[10.113s] Level 1:colcon.colcon_core.package_discovery:discover_packages(path) discover
[10.113s] Level 1:colcon.colcon_core.package_discovery:discover_packages(path) using defaults
[10.419s] Level 1:colcon.colcon_core.package_discovery:discover_packages(prefix_path) check parameters
[10.419s] Level 1:colcon.colcon_core.package_discovery:discover_packages(prefix_path) discover
[10.429s] DEBUG:colcon.colcon_installed_package_information.package_discovery:Found 417 installed packages in /opt/ros/humble
[10.453s] Level 1:colcon.colcon_core.package_discovery:discover_packages(prefix_path) using defaults
[10.872s] Level 5:colcon.colcon_core.verb:set package 'mobile_robot' build argument 'cmake_args' from command line to 'None'
[10.872s] Level 5:colcon.colcon_core.verb:set package 'mobile_robot' build argument 'cmake_target' from command line to 'None'
[10.872s] Level 5:colcon.colcon_core.verb:set package 'mobile_robot' build argument 'cmake_target_skip_unavailable' from command line to 'False'
[10.872s] Level 5:colcon.colcon_core.verb:set package 'mobile_robot' build argument 'cmake_clean_cache' from command line to 'False'
[10.872s] Level 5:colcon.colcon_core.verb:set package 'mobile_robot' build argument 'cmake_clean_first' from command line to 'False'
[10.872s] Level 5:colcon.colcon_core.verb:set package 'mobile_robot' build argument 'cmake_force_configure' from command line to 'False'
[10.872s] Level 5:colcon.colcon_core.verb:set package 'mobile_robot' build argument 'ament_cmake_args' from command line to 'None'
[10.872s] Level 5:colcon.colcon_core.verb:set package 'mobile_robot' build argument 'catkin_cmake_args' from command line to 'None'
[10.872s] Level 5:colcon.colcon_core.verb:set package 'mobile_robot' build argument 'catkin_skip_building_tests' from command line to 'False'
[10.872s] DEBUG:colcon.colcon_core.verb:Building package 'mobile_robot' with the following arguments: {'ament_cmake_args': None, 'build_base': '/home/tony/ws_mobile/build/mobile_robot', 'catkin_cmake_args': None, 'catkin_skip_building_tests': False, 'cmake_args': None, 'cmake_clean_cache': False, 'cmake_clean_first': False, 'cmake_force_configure': False, 'cmake_target': None, 'cmake_target_skip_unavailable': False, 'install_base': '/home/tony/ws_mobile/install/mobile_robot', 'merge_install': False, 'path': '/home/tony/ws_mobile/src/mobile_robot', 'symlink_install': False, 'test_result_base': None}
[10.872s] INFO:colcon.colcon_core.executor:Executing jobs using 'parallel' executor
[10.874s] DEBUG:colcon.colcon_parallel_executor.executor.parallel:run_until_complete
[10.874s] INFO:colcon.colcon_ros.task.ament_cmake.build:Building ROS package in '/home/tony/ws_mobile/src/mobile_robot' with build type 'ament_cmake'
[10.874s] INFO:colcon.colcon_cmake.task.cmake.build:Building CMake package in '/home/tony/ws_mobile/src/mobile_robot'
[10.905s] INFO:colcon.colcon_core.plugin_system:Skipping extension 'colcon_core.shell.bat': Not used on non-Windows systems
[10.905s] INFO:colcon.colcon_core.shell:Skip shell extension 'powershell' for command environment: Not usable outside of PowerShell
[10.905s] DEBUG:colcon.colcon_core.shell:Skip shell extension 'dsv' for command environment
[10.970s] DEBUG:colcon.colcon_core.event_handler.log_command:Invoking command in '/home/tony/ws_mobile/build/mobile_robot': CMAKE_PREFIX_PATH=/opt/ros/humble /usr/bin/cmake --build /home/tony/ws_mobile/build/mobile_robot -- -j4 -l4
[12.294s] DEBUG:colcon.colcon_core.event_handler.log_command:Invoked command in '/home/tony/ws_mobile/build/mobile_robot' returned '0': CMAKE_PREFIX_PATH=/opt/ros/humble /usr/bin/cmake --build /home/tony/ws_mobile/build/mobile_robot -- -j4 -l4
[12.349s] DEBUG:colcon.colcon_core.event_handler.log_command:Invoking command in '/home/tony/ws_mobile/build/mobile_robot': CMAKE_PREFIX_PATH=/opt/ros/humble /usr/bin/cmake --install /home/tony/ws_mobile/build/mobile_robot
[12.393s] Level 1:colcon.colcon_core.environment:create_environment_scripts_only(mobile_robot)
[12.395s] DEBUG:colcon.colcon_core.event_handler.log_command:Invoked command in '/home/tony/ws_mobile/build/mobile_robot' returned '0': CMAKE_PREFIX_PATH=/opt/ros/humble /usr/bin/cmake --install /home/tony/ws_mobile/build/mobile_robot
[12.489s] Level 1:colcon.colcon_core.environment:checking '/home/tony/ws_mobile/install/mobile_robot' for CMake module files
[12.493s] Level 1:colcon.colcon_core.environment:checking '/home/tony/ws_mobile/install/mobile_robot' for CMake config files
[12.499s] Level 1:colcon.colcon_core.shell:create_environment_hook('mobile_robot', 'cmake_prefix_path')
[12.503s] INFO:colcon.colcon_core.shell:Creating environment hook '/home/tony/ws_mobile/install/mobile_robot/share/mobile_robot/hook/cmake_prefix_path.ps1'
[12.528s] INFO:colcon.colcon_core.shell:Creating environment descriptor '/home/tony/ws_mobile/install/mobile_robot/share/mobile_robot/hook/cmake_prefix_path.dsv'
[12.539s] INFO:colcon.colcon_core.shell:Creating environment hook '/home/tony/ws_mobile/install/mobile_robot/share/mobile_robot/hook/cmake_prefix_path.sh'
[12.559s] Level 1:colcon.colcon_core.environment:checking '/home/tony/ws_mobile/install/mobile_robot/bin'
[12.559s] Level 1:colcon.colcon_core.environment:checking '/home/tony/ws_mobile/install/mobile_robot/lib/pkgconfig/mobile_robot.pc'
[12.566s] Level 1:colcon.colcon_core.environment:checking '/home/tony/ws_mobile/install/mobile_robot/lib/python3.10/site-packages'
[12.569s] Level 1:colcon.colcon_core.environment:checking '/home/tony/ws_mobile/install/mobile_robot/bin'
[12.572s] INFO:colcon.colcon_core.shell:Creating package script '/home/tony/ws_mobile/install/mobile_robot/share/mobile_robot/package.ps1'
[12.583s] INFO:colcon.colcon_core.shell:Creating package descriptor '/home/tony/ws_mobile/install/mobile_robot/share/mobile_robot/package.dsv'
[12.589s] INFO:colcon.colcon_core.shell:Creating package script '/home/tony/ws_mobile/install/mobile_robot/share/mobile_robot/package.sh'
[12.596s] INFO:colcon.colcon_core.shell:Creating package script '/home/tony/ws_mobile/install/mobile_robot/share/mobile_robot/package.bash'
[12.621s] INFO:colcon.colcon_core.shell:Creating package script '/home/tony/ws_mobile/install/mobile_robot/share/mobile_robot/package.zsh'
[12.629s] Level 1:colcon.colcon_core.environment:create_file_with_runtime_dependencies(/home/tony/ws_mobile/install/mobile_robot/share/colcon-core/packages/mobile_robot)
[12.666s] Level 1:colcon.colcon_core.environment:create_environment_scripts_only(mobile_robot)
[12.666s] Level 1:colcon.colcon_core.environment:checking '/home/tony/ws_mobile/install/mobile_robot' for CMake module files
[12.667s] Level 1:colcon.colcon_core.environment:checking '/home/tony/ws_mobile/install/mobile_robot' for CMake config files
[12.667s] Level 1:colcon.colcon_core.shell:create_environment_hook('mobile_robot', 'cmake_prefix_path')
[12.667s] INFO:colcon.colcon_core.shell:Creating environment hook '/home/tony/ws_mobile/install/mobile_robot/share/mobile_robot/hook/cmake_prefix_path.ps1'
[12.668s] INFO:colcon.colcon_core.shell:Creating environment descriptor '/home/tony/ws_mobile/install/mobile_robot/share/mobile_robot/hook/cmake_prefix_path.dsv'
[12.668s] INFO:colcon.colcon_core.shell:Creating environment hook '/home/tony/ws_mobile/install/mobile_robot/share/mobile_robot/hook/cmake_prefix_path.sh'
[12.669s] Level 1:colcon.colcon_core.environment:checking '/home/tony/ws_mobile/install/mobile_robot/bin'
[12.669s] Level 1:colcon.colcon_core.environment:checking '/home/tony/ws_mobile/install/mobile_robot/lib/pkgconfig/mobile_robot.pc'
[12.670s] Level 1:colcon.colcon_core.environment:checking '/home/tony/ws_mobile/install/mobile_robot/lib/python3.10/site-packages'
[12.670s] Level 1:colcon.colcon_core.environment:checking '/home/tony/ws_mobile/install/mobile_robot/bin'
[12.671s] INFO:colcon.colcon_core.shell:Creating package script '/home/tony/ws_mobile/install/mobile_robot/share/mobile_robot/package.ps1'
[12.671s] INFO:colcon.colcon_core.shell:Creating package descriptor '/home/tony/ws_mobile/install/mobile_robot/share/mobile_robot/package.dsv'
[12.672s] INFO:colcon.colcon_core.shell:Creating package script '/home/tony/ws_mobile/install/mobile_robot/share/mobile_robot/package.sh'
[12.673s] INFO:colcon.colcon_core.shell:Creating package script '/home/tony/ws_mobile/install/mobile_robot/share/mobile_robot/package.bash'
[12.673s] INFO:colcon.colcon_core.shell:Creating package script '/home/tony/ws_mobile/install/mobile_robot/share/mobile_robot/package.zsh'
[12.674s] Level 1:colcon.colcon_core.environment:create_file_with_runtime_dependencies(/home/tony/ws_mobile/install/mobile_robot/share/colcon-core/packages/mobile_robot)
[12.674s] DEBUG:colcon.colcon_parallel_executor.executor.parallel:closing loop
[12.675s] DEBUG:colcon.colcon_parallel_executor.executor.parallel:loop closed
[12.675s] DEBUG:colcon.colcon_parallel_executor.executor.parallel:run_until_complete finished with '0'
[12.675s] DEBUG:colcon.colcon_core.event_reactor:joining thread
[12.684s] INFO:colcon.colcon_core.plugin_system:Skipping extension 'colcon_notification.desktop_notification.terminal_notifier': Not used on non-Darwin systems
[12.684s] INFO:colcon.colcon_core.plugin_system:Skipping extension 'colcon_notification.desktop_notification.win32': Not used on non-Windows systems
[12.684s] INFO:colcon.colcon_notification.desktop_notification:Sending desktop notification using 'notify2'
[12.707s] DEBUG:colcon.colcon_core.event_reactor:joined thread
[12.708s] INFO:colcon.colcon_core.shell:Creating prefix script '/home/tony/ws_mobile/install/local_setup.ps1'
[12.710s] INFO:colcon.colcon_core.shell:Creating prefix util module '/home/tony/ws_mobile/install/_local_setup_util_ps1.py'
[12.714s] INFO:colcon.colcon_core.shell:Creating prefix chain script '/home/tony/ws_mobile/install/setup.ps1'
[12.717s] INFO:colcon.colcon_core.shell:Creating prefix script '/home/tony/ws_mobile/install/local_setup.sh'
[12.718s] INFO:colcon.colcon_core.shell:Creating prefix util module '/home/tony/ws_mobile/install/_local_setup_util_sh.py'
[12.719s] INFO:colcon.colcon_core.shell:Creating prefix chain script '/home/tony/ws_mobile/install/setup.sh'
[12.722s] INFO:colcon.colcon_core.shell:Creating prefix script '/home/tony/ws_mobile/install/local_setup.bash'
[12.723s] INFO:colcon.colcon_core.shell:Creating prefix chain script '/home/tony/ws_mobile/install/setup.bash'
[12.725s] INFO:colcon.colcon_core.shell:Creating prefix script '/home/tony/ws_mobile/install/local_setup.zsh'
[12.727s] INFO:colcon.colcon_core.shell:Creating prefix chain script '/home/tony/ws_mobile/install/setup.zsh'
