[0.118s] Invoking command in '/home/tony/ws_mobile/build/mobile_robot': CMAKE_PREFIX_PATH=${CMAKE_PREFIX_PATH}:/opt/ros/humble /usr/bin/cmake --build /home/tony/ws_mobile/build/mobile_robot -- -j4 -l4
[0.572s] Invoked command in '/home/tony/ws_mobile/build/mobile_robot' returned '0': CMAKE_PREFIX_PATH=${CMAKE_PREFIX_PATH}:/opt/ros/humble /usr/bin/cmake --build /home/tony/ws_mobile/build/mobile_robot -- -j4 -l4
[0.623s] Invoking command in '/home/tony/ws_mobile/build/mobile_robot': CMAKE_PREFIX_PATH=${CMAKE_PREFIX_PATH}:/opt/ros/humble /usr/bin/cmake --install /home/tony/ws_mobile/build/mobile_robot
[0.636s] -- Install configuration: ""
[0.636s] -- Up-to-date: /home/tony/ws_mobile/install/mobile_robot/share/mobile_robot/launch
[0.636s] -- Installing: /home/tony/ws_mobile/install/mobile_robot/share/mobile_robot/launch/gazebo_model.launch.py
[0.636s] -- Up-to-date: /home/tony/ws_mobile/install/mobile_robot/share/mobile_robot/model
[0.637s] -- Up-to-date: /home/tony/ws_mobile/install/mobile_robot/share/mobile_robot/model/robot.xacro
[0.637s] -- Up-to-date: /home/tony/ws_mobile/install/mobile_robot/share/mobile_robot/model/robot.gazebo
[0.638s] -- Up-to-date: /home/tony/ws_mobile/install/mobile_robot/share/ament_index/resource_index/package_run_dependencies/mobile_robot
[0.638s] -- Up-to-date: /home/tony/ws_mobile/install/mobile_robot/share/ament_index/resource_index/parent_prefix_path/mobile_robot
[0.638s] -- Up-to-date: /home/tony/ws_mobile/install/mobile_robot/share/mobile_robot/environment/ament_prefix_path.sh
[0.638s] -- Up-to-date: /home/tony/ws_mobile/install/mobile_robot/share/mobile_robot/environment/ament_prefix_path.dsv
[0.639s] -- Up-to-date: /home/tony/ws_mobile/install/mobile_robot/share/mobile_robot/environment/path.sh
[0.639s] -- Up-to-date: /home/tony/ws_mobile/install/mobile_robot/share/mobile_robot/environment/path.dsv
[0.639s] -- Up-to-date: /home/tony/ws_mobile/install/mobile_robot/share/mobile_robot/local_setup.bash
[0.639s] -- Up-to-date: /home/tony/ws_mobile/install/mobile_robot/share/mobile_robot/local_setup.sh
[0.639s] -- Up-to-date: /home/tony/ws_mobile/install/mobile_robot/share/mobile_robot/local_setup.zsh
[0.639s] -- Up-to-date: /home/tony/ws_mobile/install/mobile_robot/share/mobile_robot/local_setup.dsv
[0.640s] -- Installing: /home/tony/ws_mobile/install/mobile_robot/share/mobile_robot/package.dsv
[0.662s] -- Up-to-date: /home/tony/ws_mobile/install/mobile_robot/share/ament_index/resource_index/packages/mobile_robot
[0.663s] -- Up-to-date: /home/tony/ws_mobile/install/mobile_robot/share/mobile_robot/cmake/mobile_robotConfig.cmake
[0.663s] -- Up-to-date: /home/tony/ws_mobile/install/mobile_robot/share/mobile_robot/cmake/mobile_robotConfig-version.cmake
[0.663s] -- Up-to-date: /home/tony/ws_mobile/install/mobile_robot/share/mobile_robot/package.xml
[0.666s] Invoked command in '/home/tony/ws_mobile/build/mobile_robot' returned '0': CMAKE_PREFIX_PATH=${CMAKE_PREFIX_PATH}:/opt/ros/humble /usr/bin/cmake --install /home/tony/ws_mobile/build/mobile_robot
