[0.379s] DEBUG:colcon:Command line arguments: ['/usr/bin/colcon', 'build']
[0.379s] DEBUG:colcon:Parsed command line arguments: Namespace(log_base=None, log_level=None, verb_name='build', build_base='build', install_base='install', merge_install=False, symlink_install=False, test_result_base=None, continue_on_error=False, executor='parallel', parallel_workers=4, event_handlers=None, ignore_user_meta=False, metas=['./colcon.meta'], base_paths=['.'], packages_ignore=None, packages_ignore_regex=None, paths=None, packages_up_to=None, packages_up_to_regex=None, packages_above=None, packages_above_and_dependencies=None, packages_above_depth=None, packages_select_by_dep=None, packages_skip_by_dep=None, packages_skip_up_to=None, packages_select_build_failed=False, packages_skip_build_finished=False, packages_select_test_failures=False, packages_skip_test_passed=False, packages_select=None, packages_skip=None, packages_select_regex=None, packages_skip_regex=None, packages_start=None, packages_end=None, allow_overriding=[], cmake_args=None, cmake_target=None, cmake_target_skip_unavailable=False, cmake_clean_cache=False, cmake_clean_first=False, cmake_force_configure=False, ament_cmake_args=None, catkin_cmake_args=None, catkin_skip_building_tests=False, mixin_files=None, mixin=None, verb_parser=<colcon_mixin.mixin.mixin_argument.MixinArgumentDecorator object at 0x74a51e6de590>, verb_extension=<colcon_core.verb.build.BuildVerb object at 0x74a51e7debc0>, main=<bound method BuildVerb.main of <colcon_core.verb.build.BuildVerb object at 0x74a51e7debc0>>, mixin_verb=('build',))
[5.350s] Level 1:colcon.colcon_core.package_discovery:discover_packages(colcon_meta) check parameters
[5.351s] Level 1:colcon.colcon_core.package_discovery:discover_packages(recursive) check parameters
[5.351s] Level 1:colcon.colcon_core.package_discovery:discover_packages(ignore) check parameters
[5.351s] Level 1:colcon.colcon_core.package_discovery:discover_packages(path) check parameters
[5.351s] Level 1:colcon.colcon_core.package_discovery:discover_packages(colcon_meta) discover
[5.351s] Level 1:colcon.colcon_core.package_discovery:discover_packages(recursive) discover
[5.351s] INFO:colcon.colcon_core.package_discovery:Crawling recursively for packages in '/home/tony/ws_mobile'
[5.352s] Level 1:colcon.colcon_core.package_identification:_identify(.) by extensions ['ignore', 'ignore_ament_install']
[5.352s] Level 1:colcon.colcon_core.package_identification:_identify(.) by extension 'ignore'
[5.352s] Level 1:colcon.colcon_core.package_identification:_identify(.) by extension 'ignore_ament_install'
[5.353s] Level 1:colcon.colcon_core.package_identification:_identify(.) by extensions ['colcon_pkg']
[5.353s] Level 1:colcon.colcon_core.package_identification:_identify(.) by extension 'colcon_pkg'
[5.353s] Level 1:colcon.colcon_core.package_identification:_identify(.) by extensions ['colcon_meta']
[5.353s] Level 1:colcon.colcon_core.package_identification:_identify(.) by extension 'colcon_meta'
[5.354s] Level 1:colcon.colcon_core.package_identification:_identify(.) by extensions ['ros']
[5.354s] Level 1:colcon.colcon_core.package_identification:_identify(.) by extension 'ros'
[5.385s] Level 1:colcon.colcon_core.package_identification:_identify(.) by extensions ['cmake', 'python']
[5.385s] Level 1:colcon.colcon_core.package_identification:_identify(.) by extension 'cmake'
[5.385s] Level 1:colcon.colcon_core.package_identification:_identify(.) by extension 'python'
[5.385s] Level 1:colcon.colcon_core.package_identification:_identify(.) by extensions ['python_setup_py']
[5.385s] Level 1:colcon.colcon_core.package_identification:_identify(.) by extension 'python_setup_py'
[5.385s] Level 1:colcon.colcon_core.package_identification:_identify(build) by extensions ['ignore', 'ignore_ament_install']
[5.386s] Level 1:colcon.colcon_core.package_identification:_identify(build) by extension 'ignore'
[5.386s] Level 1:colcon.colcon_core.package_identification:_identify(build) ignored
[5.386s] Level 1:colcon.colcon_core.package_identification:_identify(install) by extensions ['ignore', 'ignore_ament_install']
[5.386s] Level 1:colcon.colcon_core.package_identification:_identify(install) by extension 'ignore'
[5.386s] Level 1:colcon.colcon_core.package_identification:_identify(install) ignored
[5.386s] Level 1:colcon.colcon_core.package_identification:_identify(log) by extensions ['ignore', 'ignore_ament_install']
[5.386s] Level 1:colcon.colcon_core.package_identification:_identify(log) by extension 'ignore'
[5.386s] Level 1:colcon.colcon_core.package_identification:_identify(log) ignored
[5.411s] Level 1:colcon.colcon_core.package_identification:_identify(src) by extensions ['ignore', 'ignore_ament_install']
[5.412s] Level 1:colcon.colcon_core.package_identification:_identify(src) by extension 'ignore'
[5.412s] Level 1:colcon.colcon_core.package_identification:_identify(src) by extension 'ignore_ament_install'
[5.412s] Level 1:colcon.colcon_core.package_identification:_identify(src) by extensions ['colcon_pkg']
[5.412s] Level 1:colcon.colcon_core.package_identification:_identify(src) by extension 'colcon_pkg'
[5.412s] Level 1:colcon.colcon_core.package_identification:_identify(src) by extensions ['colcon_meta']
[5.412s] Level 1:colcon.colcon_core.package_identification:_identify(src) by extension 'colcon_meta'
[5.412s] Level 1:colcon.colcon_core.package_identification:_identify(src) by extensions ['ros']
[5.412s] Level 1:colcon.colcon_core.package_identification:_identify(src) by extension 'ros'
[5.412s] Level 1:colcon.colcon_core.package_identification:_identify(src) by extensions ['cmake', 'python']
[5.412s] Level 1:colcon.colcon_core.package_identification:_identify(src) by extension 'cmake'
[5.413s] Level 1:colcon.colcon_core.package_identification:_identify(src) by extension 'python'
[5.413s] Level 1:colcon.colcon_core.package_identification:_identify(src) by extensions ['python_setup_py']
[5.413s] Level 1:colcon.colcon_core.package_identification:_identify(src) by extension 'python_setup_py'
[5.413s] Level 1:colcon.colcon_core.package_identification:_identify(src/mobile_robot) by extensions ['ignore', 'ignore_ament_install']
[5.413s] Level 1:colcon.colcon_core.package_identification:_identify(src/mobile_robot) by extension 'ignore'
[5.413s] Level 1:colcon.colcon_core.package_identification:_identify(src/mobile_robot) by extension 'ignore_ament_install'
[5.413s] Level 1:colcon.colcon_core.package_identification:_identify(src/mobile_robot) by extensions ['colcon_pkg']
[5.413s] Level 1:colcon.colcon_core.package_identification:_identify(src/mobile_robot) by extension 'colcon_pkg'
[5.413s] Level 1:colcon.colcon_core.package_identification:_identify(src/mobile_robot) by extensions ['colcon_meta']
[5.413s] Level 1:colcon.colcon_core.package_identification:_identify(src/mobile_robot) by extension 'colcon_meta'
[5.413s] Level 1:colcon.colcon_core.package_identification:_identify(src/mobile_robot) by extensions ['ros']
[5.413s] Level 1:colcon.colcon_core.package_identification:_identify(src/mobile_robot) by extension 'ros'
[5.454s] DEBUG:colcon.colcon_core.package_identification:Package 'src/mobile_robot' with type 'ros.ament_cmake' and name 'mobile_robot'
[5.455s] Level 1:colcon.colcon_core.package_discovery:discover_packages(recursive) using defaults
[5.455s] Level 1:colcon.colcon_core.package_discovery:discover_packages(ignore) discover
[5.455s] Level 1:colcon.colcon_core.package_discovery:discover_packages(ignore) using defaults
[5.455s] Level 1:colcon.colcon_core.package_discovery:discover_packages(path) discover
[5.455s] Level 1:colcon.colcon_core.package_discovery:discover_packages(path) using defaults
[5.648s] Level 1:colcon.colcon_core.package_discovery:discover_packages(prefix_path) check parameters
[5.649s] Level 1:colcon.colcon_core.package_discovery:discover_packages(prefix_path) discover
[5.661s] DEBUG:colcon.colcon_installed_package_information.package_discovery:Found 1 installed packages in /home/tony/ws_mobile/install
[5.667s] DEBUG:colcon.colcon_installed_package_information.package_discovery:Found 426 installed packages in /opt/ros/humble
[5.685s] Level 1:colcon.colcon_core.package_discovery:discover_packages(prefix_path) using defaults
[5.805s] Level 5:colcon.colcon_core.verb:set package 'mobile_robot' build argument 'cmake_args' from command line to 'None'
[5.805s] Level 5:colcon.colcon_core.verb:set package 'mobile_robot' build argument 'cmake_target' from command line to 'None'
[5.805s] Level 5:colcon.colcon_core.verb:set package 'mobile_robot' build argument 'cmake_target_skip_unavailable' from command line to 'False'
[5.805s] Level 5:colcon.colcon_core.verb:set package 'mobile_robot' build argument 'cmake_clean_cache' from command line to 'False'
[5.805s] Level 5:colcon.colcon_core.verb:set package 'mobile_robot' build argument 'cmake_clean_first' from command line to 'False'
[5.805s] Level 5:colcon.colcon_core.verb:set package 'mobile_robot' build argument 'cmake_force_configure' from command line to 'False'
[5.805s] Level 5:colcon.colcon_core.verb:set package 'mobile_robot' build argument 'ament_cmake_args' from command line to 'None'
[5.805s] Level 5:colcon.colcon_core.verb:set package 'mobile_robot' build argument 'catkin_cmake_args' from command line to 'None'
[5.805s] Level 5:colcon.colcon_core.verb:set package 'mobile_robot' build argument 'catkin_skip_building_tests' from command line to 'False'
[5.805s] DEBUG:colcon.colcon_core.verb:Building package 'mobile_robot' with the following arguments: {'ament_cmake_args': None, 'build_base': '/home/tony/ws_mobile/build/mobile_robot', 'catkin_cmake_args': None, 'catkin_skip_building_tests': False, 'cmake_args': None, 'cmake_clean_cache': False, 'cmake_clean_first': False, 'cmake_force_configure': False, 'cmake_target': None, 'cmake_target_skip_unavailable': False, 'install_base': '/home/tony/ws_mobile/install/mobile_robot', 'merge_install': False, 'path': '/home/tony/ws_mobile/src/mobile_robot', 'symlink_install': False, 'test_result_base': None}
[5.805s] INFO:colcon.colcon_core.executor:Executing jobs using 'parallel' executor
[5.807s] DEBUG:colcon.colcon_parallel_executor.executor.parallel:run_until_complete
[5.807s] INFO:colcon.colcon_ros.task.ament_cmake.build:Building ROS package in '/home/tony/ws_mobile/src/mobile_robot' with build type 'ament_cmake'
[5.807s] INFO:colcon.colcon_cmake.task.cmake.build:Building CMake package in '/home/tony/ws_mobile/src/mobile_robot'
[5.814s] INFO:colcon.colcon_core.plugin_system:Skipping extension 'colcon_core.shell.bat': Not used on non-Windows systems
[5.814s] INFO:colcon.colcon_core.shell:Skip shell extension 'powershell' for command environment: Not usable outside of PowerShell
[5.814s] DEBUG:colcon.colcon_core.shell:Skip shell extension 'dsv' for command environment
[5.927s] DEBUG:colcon.colcon_core.event_handler.log_command:Invoking command in '/home/tony/ws_mobile/build/mobile_robot': CMAKE_PREFIX_PATH=${CMAKE_PREFIX_PATH}:/opt/ros/humble /usr/bin/cmake --build /home/tony/ws_mobile/build/mobile_robot -- -j4 -l4
[6.381s] DEBUG:colcon.colcon_core.event_handler.log_command:Invoked command in '/home/tony/ws_mobile/build/mobile_robot' returned '0': CMAKE_PREFIX_PATH=${CMAKE_PREFIX_PATH}:/opt/ros/humble /usr/bin/cmake --build /home/tony/ws_mobile/build/mobile_robot -- -j4 -l4
[6.432s] DEBUG:colcon.colcon_core.event_handler.log_command:Invoking command in '/home/tony/ws_mobile/build/mobile_robot': CMAKE_PREFIX_PATH=${CMAKE_PREFIX_PATH}:/opt/ros/humble /usr/bin/cmake --install /home/tony/ws_mobile/build/mobile_robot
[6.474s] Level 1:colcon.colcon_core.environment:create_environment_scripts_only(mobile_robot)
[6.475s] DEBUG:colcon.colcon_core.event_handler.log_command:Invoked command in '/home/tony/ws_mobile/build/mobile_robot' returned '0': CMAKE_PREFIX_PATH=${CMAKE_PREFIX_PATH}:/opt/ros/humble /usr/bin/cmake --install /home/tony/ws_mobile/build/mobile_robot
[6.532s] Level 1:colcon.colcon_core.environment:checking '/home/tony/ws_mobile/install/mobile_robot' for CMake module files
[6.547s] Level 1:colcon.colcon_core.environment:checking '/home/tony/ws_mobile/install/mobile_robot' for CMake config files
[6.559s] Level 1:colcon.colcon_core.shell:create_environment_hook('mobile_robot', 'cmake_prefix_path')
[6.560s] INFO:colcon.colcon_core.shell:Creating environment hook '/home/tony/ws_mobile/install/mobile_robot/share/mobile_robot/hook/cmake_prefix_path.ps1'
[6.579s] INFO:colcon.colcon_core.shell:Creating environment descriptor '/home/tony/ws_mobile/install/mobile_robot/share/mobile_robot/hook/cmake_prefix_path.dsv'
[6.592s] INFO:colcon.colcon_core.shell:Creating environment hook '/home/tony/ws_mobile/install/mobile_robot/share/mobile_robot/hook/cmake_prefix_path.sh'
[6.597s] Level 1:colcon.colcon_core.environment:checking '/home/tony/ws_mobile/install/mobile_robot/bin'
[6.597s] Level 1:colcon.colcon_core.environment:checking '/home/tony/ws_mobile/install/mobile_robot/lib/pkgconfig/mobile_robot.pc'
[6.598s] Level 1:colcon.colcon_core.environment:checking '/home/tony/ws_mobile/install/mobile_robot/lib/python3.10/site-packages'
[6.599s] Level 1:colcon.colcon_core.environment:checking '/home/tony/ws_mobile/install/mobile_robot/bin'
[6.601s] INFO:colcon.colcon_core.shell:Creating package script '/home/tony/ws_mobile/install/mobile_robot/share/mobile_robot/package.ps1'
[6.603s] INFO:colcon.colcon_core.shell:Creating package descriptor '/home/tony/ws_mobile/install/mobile_robot/share/mobile_robot/package.dsv'
[6.605s] INFO:colcon.colcon_core.shell:Creating package script '/home/tony/ws_mobile/install/mobile_robot/share/mobile_robot/package.sh'
[6.607s] INFO:colcon.colcon_core.shell:Creating package script '/home/tony/ws_mobile/install/mobile_robot/share/mobile_robot/package.bash'
[6.623s] INFO:colcon.colcon_core.shell:Creating package script '/home/tony/ws_mobile/install/mobile_robot/share/mobile_robot/package.zsh'
[6.631s] Level 1:colcon.colcon_core.environment:create_file_with_runtime_dependencies(/home/tony/ws_mobile/install/mobile_robot/share/colcon-core/packages/mobile_robot)
[6.684s] Level 1:colcon.colcon_core.environment:create_environment_scripts_only(mobile_robot)
[6.684s] Level 1:colcon.colcon_core.environment:checking '/home/tony/ws_mobile/install/mobile_robot' for CMake module files
[6.685s] Level 1:colcon.colcon_core.environment:checking '/home/tony/ws_mobile/install/mobile_robot' for CMake config files
[6.686s] Level 1:colcon.colcon_core.shell:create_environment_hook('mobile_robot', 'cmake_prefix_path')
[6.686s] INFO:colcon.colcon_core.shell:Creating environment hook '/home/tony/ws_mobile/install/mobile_robot/share/mobile_robot/hook/cmake_prefix_path.ps1'
[6.687s] INFO:colcon.colcon_core.shell:Creating environment descriptor '/home/tony/ws_mobile/install/mobile_robot/share/mobile_robot/hook/cmake_prefix_path.dsv'
[6.688s] INFO:colcon.colcon_core.shell:Creating environment hook '/home/tony/ws_mobile/install/mobile_robot/share/mobile_robot/hook/cmake_prefix_path.sh'
[6.688s] Level 1:colcon.colcon_core.environment:checking '/home/tony/ws_mobile/install/mobile_robot/bin'
[6.689s] Level 1:colcon.colcon_core.environment:checking '/home/tony/ws_mobile/install/mobile_robot/lib/pkgconfig/mobile_robot.pc'
[6.689s] Level 1:colcon.colcon_core.environment:checking '/home/tony/ws_mobile/install/mobile_robot/lib/python3.10/site-packages'
[6.689s] Level 1:colcon.colcon_core.environment:checking '/home/tony/ws_mobile/install/mobile_robot/bin'
[6.690s] INFO:colcon.colcon_core.shell:Creating package script '/home/tony/ws_mobile/install/mobile_robot/share/mobile_robot/package.ps1'
[6.691s] INFO:colcon.colcon_core.shell:Creating package descriptor '/home/tony/ws_mobile/install/mobile_robot/share/mobile_robot/package.dsv'
[6.692s] INFO:colcon.colcon_core.shell:Creating package script '/home/tony/ws_mobile/install/mobile_robot/share/mobile_robot/package.sh'
[6.692s] INFO:colcon.colcon_core.shell:Creating package script '/home/tony/ws_mobile/install/mobile_robot/share/mobile_robot/package.bash'
[6.693s] INFO:colcon.colcon_core.shell:Creating package script '/home/tony/ws_mobile/install/mobile_robot/share/mobile_robot/package.zsh'
[6.693s] Level 1:colcon.colcon_core.environment:create_file_with_runtime_dependencies(/home/tony/ws_mobile/install/mobile_robot/share/colcon-core/packages/mobile_robot)
[6.694s] DEBUG:colcon.colcon_parallel_executor.executor.parallel:closing loop
[6.694s] DEBUG:colcon.colcon_parallel_executor.executor.parallel:loop closed
[6.695s] DEBUG:colcon.colcon_parallel_executor.executor.parallel:run_until_complete finished with '0'
[6.695s] DEBUG:colcon.colcon_core.event_reactor:joining thread
[6.783s] INFO:colcon.colcon_core.plugin_system:Skipping extension 'colcon_notification.desktop_notification.terminal_notifier': Not used on non-Darwin systems
[6.784s] INFO:colcon.colcon_core.plugin_system:Skipping extension 'colcon_notification.desktop_notification.win32': Not used on non-Windows systems
[6.784s] INFO:colcon.colcon_notification.desktop_notification:Sending desktop notification using 'notify2'
[6.812s] DEBUG:colcon.colcon_core.event_reactor:joined thread
[6.813s] INFO:colcon.colcon_core.shell:Creating prefix script '/home/tony/ws_mobile/install/local_setup.ps1'
[6.815s] INFO:colcon.colcon_core.shell:Creating prefix util module '/home/tony/ws_mobile/install/_local_setup_util_ps1.py'
[6.818s] INFO:colcon.colcon_core.shell:Creating prefix chain script '/home/tony/ws_mobile/install/setup.ps1'
[6.820s] INFO:colcon.colcon_core.shell:Creating prefix script '/home/tony/ws_mobile/install/local_setup.sh'
[6.822s] INFO:colcon.colcon_core.shell:Creating prefix util module '/home/tony/ws_mobile/install/_local_setup_util_sh.py'
[6.823s] INFO:colcon.colcon_core.shell:Creating prefix chain script '/home/tony/ws_mobile/install/setup.sh'
[6.827s] INFO:colcon.colcon_core.shell:Creating prefix script '/home/tony/ws_mobile/install/local_setup.bash'
[6.828s] INFO:colcon.colcon_core.shell:Creating prefix chain script '/home/tony/ws_mobile/install/setup.bash'
[6.831s] INFO:colcon.colcon_core.shell:Creating prefix script '/home/tony/ws_mobile/install/local_setup.zsh'
[6.832s] INFO:colcon.colcon_core.shell:Creating prefix chain script '/home/tony/ws_mobile/install/setup.zsh'
