[0.335s] DEBUG:colcon:Command line arguments: ['/usr/bin/colcon', 'build']
[0.335s] DEBUG:colcon:Parsed command line arguments: Namespace(log_base=None, log_level=None, verb_name='build', build_base='build', install_base='install', merge_install=False, symlink_install=False, test_result_base=None, continue_on_error=False, executor='parallel', parallel_workers=4, event_handlers=None, ignore_user_meta=False, metas=['./colcon.meta'], base_paths=['.'], packages_ignore=None, packages_ignore_regex=None, paths=None, packages_up_to=None, packages_up_to_regex=None, packages_above=None, packages_above_and_dependencies=None, packages_above_depth=None, packages_select_by_dep=None, packages_skip_by_dep=None, packages_skip_up_to=None, packages_select_build_failed=False, packages_skip_build_finished=False, packages_select_test_failures=False, packages_skip_test_passed=False, packages_select=None, packages_skip=None, packages_select_regex=None, packages_skip_regex=None, packages_start=None, packages_end=None, allow_overriding=[], cmake_args=None, cmake_target=None, cmake_target_skip_unavailable=False, cmake_clean_cache=False, cmake_clean_first=False, cmake_force_configure=False, ament_cmake_args=None, catkin_cmake_args=None, catkin_skip_building_tests=False, mixin_files=None, mixin=None, verb_parser=<colcon_mixin.mixin.mixin_argument.MixinArgumentDecorator object at 0x7e497a84a620>, verb_extension=<colcon_core.verb.build.BuildVerb object at 0x7e497a94ac50>, main=<bound method BuildVerb.main of <colcon_core.verb.build.BuildVerb object at 0x7e497a94ac50>>, mixin_verb=('build',))
[4.414s] Level 1:colcon.colcon_core.package_discovery:discover_packages(colcon_meta) check parameters
[4.414s] Level 1:colcon.colcon_core.package_discovery:discover_packages(recursive) check parameters
[4.414s] Level 1:colcon.colcon_core.package_discovery:discover_packages(ignore) check parameters
[4.414s] Level 1:colcon.colcon_core.package_discovery:discover_packages(path) check parameters
[4.414s] Level 1:colcon.colcon_core.package_discovery:discover_packages(colcon_meta) discover
[4.414s] Level 1:colcon.colcon_core.package_discovery:discover_packages(recursive) discover
[4.415s] INFO:colcon.colcon_core.package_discovery:Crawling recursively for packages in '/home/tony/ws_mobile'
[4.415s] Level 1:colcon.colcon_core.package_identification:_identify(.) by extensions ['ignore', 'ignore_ament_install']
[4.415s] Level 1:colcon.colcon_core.package_identification:_identify(.) by extension 'ignore'
[4.415s] Level 1:colcon.colcon_core.package_identification:_identify(.) by extension 'ignore_ament_install'
[4.415s] Level 1:colcon.colcon_core.package_identification:_identify(.) by extensions ['colcon_pkg']
[4.415s] Level 1:colcon.colcon_core.package_identification:_identify(.) by extension 'colcon_pkg'
[4.416s] Level 1:colcon.colcon_core.package_identification:_identify(.) by extensions ['colcon_meta']
[4.416s] Level 1:colcon.colcon_core.package_identification:_identify(.) by extension 'colcon_meta'
[4.416s] Level 1:colcon.colcon_core.package_identification:_identify(.) by extensions ['ros']
[4.416s] Level 1:colcon.colcon_core.package_identification:_identify(.) by extension 'ros'
[4.438s] Level 1:colcon.colcon_core.package_identification:_identify(.) by extensions ['cmake', 'python']
[4.438s] Level 1:colcon.colcon_core.package_identification:_identify(.) by extension 'cmake'
[4.439s] Level 1:colcon.colcon_core.package_identification:_identify(.) by extension 'python'
[4.439s] Level 1:colcon.colcon_core.package_identification:_identify(.) by extensions ['python_setup_py']
[4.439s] Level 1:colcon.colcon_core.package_identification:_identify(.) by extension 'python_setup_py'
[4.439s] Level 1:colcon.colcon_core.package_identification:_identify(build) by extensions ['ignore', 'ignore_ament_install']
[4.439s] Level 1:colcon.colcon_core.package_identification:_identify(build) by extension 'ignore'
[4.439s] Level 1:colcon.colcon_core.package_identification:_identify(build) ignored
[4.439s] Level 1:colcon.colcon_core.package_identification:_identify(install) by extensions ['ignore', 'ignore_ament_install']
[4.439s] Level 1:colcon.colcon_core.package_identification:_identify(install) by extension 'ignore'
[4.439s] Level 1:colcon.colcon_core.package_identification:_identify(install) ignored
[4.440s] Level 1:colcon.colcon_core.package_identification:_identify(log) by extensions ['ignore', 'ignore_ament_install']
[4.440s] Level 1:colcon.colcon_core.package_identification:_identify(log) by extension 'ignore'
[4.440s] Level 1:colcon.colcon_core.package_identification:_identify(log) ignored
[4.440s] Level 1:colcon.colcon_core.package_identification:_identify(src) by extensions ['ignore', 'ignore_ament_install']
[4.440s] Level 1:colcon.colcon_core.package_identification:_identify(src) by extension 'ignore'
[4.440s] Level 1:colcon.colcon_core.package_identification:_identify(src) by extension 'ignore_ament_install'
[4.440s] Level 1:colcon.colcon_core.package_identification:_identify(src) by extensions ['colcon_pkg']
[4.440s] Level 1:colcon.colcon_core.package_identification:_identify(src) by extension 'colcon_pkg'
[4.440s] Level 1:colcon.colcon_core.package_identification:_identify(src) by extensions ['colcon_meta']
[4.440s] Level 1:colcon.colcon_core.package_identification:_identify(src) by extension 'colcon_meta'
[4.441s] Level 1:colcon.colcon_core.package_identification:_identify(src) by extensions ['ros']
[4.441s] Level 1:colcon.colcon_core.package_identification:_identify(src) by extension 'ros'
[4.441s] Level 1:colcon.colcon_core.package_identification:_identify(src) by extensions ['cmake', 'python']
[4.441s] Level 1:colcon.colcon_core.package_identification:_identify(src) by extension 'cmake'
[4.441s] Level 1:colcon.colcon_core.package_identification:_identify(src) by extension 'python'
[4.441s] Level 1:colcon.colcon_core.package_identification:_identify(src) by extensions ['python_setup_py']
[4.441s] Level 1:colcon.colcon_core.package_identification:_identify(src) by extension 'python_setup_py'
[4.441s] Level 1:colcon.colcon_core.package_identification:_identify(src/mobile_robot) by extensions ['ignore', 'ignore_ament_install']
[4.441s] Level 1:colcon.colcon_core.package_identification:_identify(src/mobile_robot) by extension 'ignore'
[4.441s] Level 1:colcon.colcon_core.package_identification:_identify(src/mobile_robot) by extension 'ignore_ament_install'
[4.441s] Level 1:colcon.colcon_core.package_identification:_identify(src/mobile_robot) by extensions ['colcon_pkg']
[4.441s] Level 1:colcon.colcon_core.package_identification:_identify(src/mobile_robot) by extension 'colcon_pkg'
[4.441s] Level 1:colcon.colcon_core.package_identification:_identify(src/mobile_robot) by extensions ['colcon_meta']
[4.442s] Level 1:colcon.colcon_core.package_identification:_identify(src/mobile_robot) by extension 'colcon_meta'
[4.442s] Level 1:colcon.colcon_core.package_identification:_identify(src/mobile_robot) by extensions ['ros']
[4.442s] Level 1:colcon.colcon_core.package_identification:_identify(src/mobile_robot) by extension 'ros'
[4.446s] DEBUG:colcon.colcon_core.package_identification:Package 'src/mobile_robot' with type 'ros.ament_cmake' and name 'mobile_robot'
[4.446s] Level 1:colcon.colcon_core.package_discovery:discover_packages(recursive) using defaults
[4.446s] Level 1:colcon.colcon_core.package_discovery:discover_packages(ignore) discover
[4.446s] Level 1:colcon.colcon_core.package_discovery:discover_packages(ignore) using defaults
[4.446s] Level 1:colcon.colcon_core.package_discovery:discover_packages(path) discover
[4.446s] Level 1:colcon.colcon_core.package_discovery:discover_packages(path) using defaults
[4.623s] Level 1:colcon.colcon_core.package_discovery:discover_packages(prefix_path) check parameters
[4.623s] Level 1:colcon.colcon_core.package_discovery:discover_packages(prefix_path) discover
[4.629s] DEBUG:colcon.colcon_installed_package_information.package_discovery:Found 1 installed packages in /home/tony/ws_mobile/install
[4.632s] DEBUG:colcon.colcon_installed_package_information.package_discovery:Found 417 installed packages in /opt/ros/humble
[4.650s] Level 1:colcon.colcon_core.package_discovery:discover_packages(prefix_path) using defaults
[4.761s] Level 5:colcon.colcon_core.verb:set package 'mobile_robot' build argument 'cmake_args' from command line to 'None'
[4.761s] Level 5:colcon.colcon_core.verb:set package 'mobile_robot' build argument 'cmake_target' from command line to 'None'
[4.762s] Level 5:colcon.colcon_core.verb:set package 'mobile_robot' build argument 'cmake_target_skip_unavailable' from command line to 'False'
[4.762s] Level 5:colcon.colcon_core.verb:set package 'mobile_robot' build argument 'cmake_clean_cache' from command line to 'False'
[4.762s] Level 5:colcon.colcon_core.verb:set package 'mobile_robot' build argument 'cmake_clean_first' from command line to 'False'
[4.762s] Level 5:colcon.colcon_core.verb:set package 'mobile_robot' build argument 'cmake_force_configure' from command line to 'False'
[4.762s] Level 5:colcon.colcon_core.verb:set package 'mobile_robot' build argument 'ament_cmake_args' from command line to 'None'
[4.762s] Level 5:colcon.colcon_core.verb:set package 'mobile_robot' build argument 'catkin_cmake_args' from command line to 'None'
[4.762s] Level 5:colcon.colcon_core.verb:set package 'mobile_robot' build argument 'catkin_skip_building_tests' from command line to 'False'
[4.762s] DEBUG:colcon.colcon_core.verb:Building package 'mobile_robot' with the following arguments: {'ament_cmake_args': None, 'build_base': '/home/tony/ws_mobile/build/mobile_robot', 'catkin_cmake_args': None, 'catkin_skip_building_tests': False, 'cmake_args': None, 'cmake_clean_cache': False, 'cmake_clean_first': False, 'cmake_force_configure': False, 'cmake_target': None, 'cmake_target_skip_unavailable': False, 'install_base': '/home/tony/ws_mobile/install/mobile_robot', 'merge_install': False, 'path': '/home/tony/ws_mobile/src/mobile_robot', 'symlink_install': False, 'test_result_base': None}
[4.762s] INFO:colcon.colcon_core.executor:Executing jobs using 'parallel' executor
[4.763s] DEBUG:colcon.colcon_parallel_executor.executor.parallel:run_until_complete
[4.764s] INFO:colcon.colcon_ros.task.ament_cmake.build:Building ROS package in '/home/tony/ws_mobile/src/mobile_robot' with build type 'ament_cmake'
[4.764s] INFO:colcon.colcon_cmake.task.cmake.build:Building CMake package in '/home/tony/ws_mobile/src/mobile_robot'
[4.779s] INFO:colcon.colcon_core.plugin_system:Skipping extension 'colcon_core.shell.bat': Not used on non-Windows systems
[4.780s] INFO:colcon.colcon_core.shell:Skip shell extension 'powershell' for command environment: Not usable outside of PowerShell
[4.780s] DEBUG:colcon.colcon_core.shell:Skip shell extension 'dsv' for command environment
[4.837s] DEBUG:colcon.colcon_core.event_handler.log_command:Invoking command in '/home/tony/ws_mobile/build/mobile_robot': CMAKE_PREFIX_PATH=${CMAKE_PREFIX_PATH}:/opt/ros/humble /usr/bin/cmake --build /home/tony/ws_mobile/build/mobile_robot -- -j4 -l4
[4.983s] DEBUG:colcon.colcon_core.event_handler.log_command:Invoked command in '/home/tony/ws_mobile/build/mobile_robot' returned '0': CMAKE_PREFIX_PATH=${CMAKE_PREFIX_PATH}:/opt/ros/humble /usr/bin/cmake --build /home/tony/ws_mobile/build/mobile_robot -- -j4 -l4
[5.031s] DEBUG:colcon.colcon_core.event_handler.log_command:Invoking command in '/home/tony/ws_mobile/build/mobile_robot': CMAKE_PREFIX_PATH=${CMAKE_PREFIX_PATH}:/opt/ros/humble /usr/bin/cmake --install /home/tony/ws_mobile/build/mobile_robot
[5.050s] Level 1:colcon.colcon_core.environment:create_environment_scripts_only(mobile_robot)
[5.050s] DEBUG:colcon.colcon_core.event_handler.log_command:Invoked command in '/home/tony/ws_mobile/build/mobile_robot' returned '0': CMAKE_PREFIX_PATH=${CMAKE_PREFIX_PATH}:/opt/ros/humble /usr/bin/cmake --install /home/tony/ws_mobile/build/mobile_robot
[5.056s] Level 1:colcon.colcon_core.environment:checking '/home/tony/ws_mobile/install/mobile_robot' for CMake module files
[5.058s] Level 1:colcon.colcon_core.environment:checking '/home/tony/ws_mobile/install/mobile_robot' for CMake config files
[5.082s] Level 1:colcon.colcon_core.shell:create_environment_hook('mobile_robot', 'cmake_prefix_path')
[5.083s] INFO:colcon.colcon_core.shell:Creating environment hook '/home/tony/ws_mobile/install/mobile_robot/share/mobile_robot/hook/cmake_prefix_path.ps1'
[5.103s] INFO:colcon.colcon_core.shell:Creating environment descriptor '/home/tony/ws_mobile/install/mobile_robot/share/mobile_robot/hook/cmake_prefix_path.dsv'
[5.105s] INFO:colcon.colcon_core.shell:Creating environment hook '/home/tony/ws_mobile/install/mobile_robot/share/mobile_robot/hook/cmake_prefix_path.sh'
[5.109s] Level 1:colcon.colcon_core.environment:checking '/home/tony/ws_mobile/install/mobile_robot/bin'
[5.109s] Level 1:colcon.colcon_core.environment:checking '/home/tony/ws_mobile/install/mobile_robot/lib/pkgconfig/mobile_robot.pc'
[5.110s] Level 1:colcon.colcon_core.environment:checking '/home/tony/ws_mobile/install/mobile_robot/lib/python3.10/site-packages'
[5.111s] Level 1:colcon.colcon_core.environment:checking '/home/tony/ws_mobile/install/mobile_robot/bin'
[5.112s] INFO:colcon.colcon_core.shell:Creating package script '/home/tony/ws_mobile/install/mobile_robot/share/mobile_robot/package.ps1'
[5.116s] INFO:colcon.colcon_core.shell:Creating package descriptor '/home/tony/ws_mobile/install/mobile_robot/share/mobile_robot/package.dsv'
[5.120s] INFO:colcon.colcon_core.shell:Creating package script '/home/tony/ws_mobile/install/mobile_robot/share/mobile_robot/package.sh'
[5.123s] INFO:colcon.colcon_core.shell:Creating package script '/home/tony/ws_mobile/install/mobile_robot/share/mobile_robot/package.bash'
[5.135s] INFO:colcon.colcon_core.shell:Creating package script '/home/tony/ws_mobile/install/mobile_robot/share/mobile_robot/package.zsh'
[5.143s] Level 1:colcon.colcon_core.environment:create_file_with_runtime_dependencies(/home/tony/ws_mobile/install/mobile_robot/share/colcon-core/packages/mobile_robot)
[5.198s] Level 1:colcon.colcon_core.environment:create_environment_scripts_only(mobile_robot)
[5.198s] Level 1:colcon.colcon_core.environment:checking '/home/tony/ws_mobile/install/mobile_robot' for CMake module files
[5.200s] Level 1:colcon.colcon_core.environment:checking '/home/tony/ws_mobile/install/mobile_robot' for CMake config files
[5.201s] Level 1:colcon.colcon_core.shell:create_environment_hook('mobile_robot', 'cmake_prefix_path')
[5.202s] INFO:colcon.colcon_core.shell:Creating environment hook '/home/tony/ws_mobile/install/mobile_robot/share/mobile_robot/hook/cmake_prefix_path.ps1'
[5.202s] INFO:colcon.colcon_core.shell:Creating environment descriptor '/home/tony/ws_mobile/install/mobile_robot/share/mobile_robot/hook/cmake_prefix_path.dsv'
[5.203s] INFO:colcon.colcon_core.shell:Creating environment hook '/home/tony/ws_mobile/install/mobile_robot/share/mobile_robot/hook/cmake_prefix_path.sh'
[5.204s] Level 1:colcon.colcon_core.environment:checking '/home/tony/ws_mobile/install/mobile_robot/bin'
[5.204s] Level 1:colcon.colcon_core.environment:checking '/home/tony/ws_mobile/install/mobile_robot/lib/pkgconfig/mobile_robot.pc'
[5.205s] Level 1:colcon.colcon_core.environment:checking '/home/tony/ws_mobile/install/mobile_robot/lib/python3.10/site-packages'
[5.205s] Level 1:colcon.colcon_core.environment:checking '/home/tony/ws_mobile/install/mobile_robot/bin'
[5.205s] INFO:colcon.colcon_core.shell:Creating package script '/home/tony/ws_mobile/install/mobile_robot/share/mobile_robot/package.ps1'
[5.206s] INFO:colcon.colcon_core.shell:Creating package descriptor '/home/tony/ws_mobile/install/mobile_robot/share/mobile_robot/package.dsv'
[5.207s] INFO:colcon.colcon_core.shell:Creating package script '/home/tony/ws_mobile/install/mobile_robot/share/mobile_robot/package.sh'
[5.208s] INFO:colcon.colcon_core.shell:Creating package script '/home/tony/ws_mobile/install/mobile_robot/share/mobile_robot/package.bash'
[5.208s] INFO:colcon.colcon_core.shell:Creating package script '/home/tony/ws_mobile/install/mobile_robot/share/mobile_robot/package.zsh'
[5.209s] Level 1:colcon.colcon_core.environment:create_file_with_runtime_dependencies(/home/tony/ws_mobile/install/mobile_robot/share/colcon-core/packages/mobile_robot)
[5.209s] DEBUG:colcon.colcon_parallel_executor.executor.parallel:closing loop
[5.210s] DEBUG:colcon.colcon_parallel_executor.executor.parallel:loop closed
[5.210s] DEBUG:colcon.colcon_parallel_executor.executor.parallel:run_until_complete finished with '0'
[5.210s] DEBUG:colcon.colcon_core.event_reactor:joining thread
[5.349s] INFO:colcon.colcon_core.plugin_system:Skipping extension 'colcon_notification.desktop_notification.terminal_notifier': Not used on non-Darwin systems
[5.349s] INFO:colcon.colcon_core.plugin_system:Skipping extension 'colcon_notification.desktop_notification.win32': Not used on non-Windows systems
[5.349s] INFO:colcon.colcon_notification.desktop_notification:Sending desktop notification using 'notify2'
[5.373s] DEBUG:colcon.colcon_core.event_reactor:joined thread
[5.374s] INFO:colcon.colcon_core.shell:Creating prefix script '/home/tony/ws_mobile/install/local_setup.ps1'
[5.376s] INFO:colcon.colcon_core.shell:Creating prefix util module '/home/tony/ws_mobile/install/_local_setup_util_ps1.py'
[5.379s] INFO:colcon.colcon_core.shell:Creating prefix chain script '/home/tony/ws_mobile/install/setup.ps1'
[5.382s] INFO:colcon.colcon_core.shell:Creating prefix script '/home/tony/ws_mobile/install/local_setup.sh'
[5.384s] INFO:colcon.colcon_core.shell:Creating prefix util module '/home/tony/ws_mobile/install/_local_setup_util_sh.py'
[5.385s] INFO:colcon.colcon_core.shell:Creating prefix chain script '/home/tony/ws_mobile/install/setup.sh'
[5.387s] INFO:colcon.colcon_core.shell:Creating prefix script '/home/tony/ws_mobile/install/local_setup.bash'
[5.388s] INFO:colcon.colcon_core.shell:Creating prefix chain script '/home/tony/ws_mobile/install/setup.bash'
[5.390s] INFO:colcon.colcon_core.shell:Creating prefix script '/home/tony/ws_mobile/install/local_setup.zsh'
[5.391s] INFO:colcon.colcon_core.shell:Creating prefix chain script '/home/tony/ws_mobile/install/setup.zsh'
