[0.060s] Invoking command in '/home/tony/ws_mobile/build/mobile_robot': CMAKE_PREFIX_PATH=/opt/ros/humble /usr/bin/cmake --build /home/tony/ws_mobile/build/mobile_robot -- -j4 -l4
[0.875s] -- Found ament_cmake: 1.3.10 (/opt/ros/humble/share/ament_cmake/cmake)
[1.374s] -- Found ament_lint_auto: 0.12.11 (/opt/ros/humble/share/ament_lint_auto/cmake)
[1.638s] -- Added test 'flake8' to check Python code syntax and style conventions
[1.641s] -- Added test 'lint_cmake' to check CMake code style
[1.644s] -- Added test 'pep257' to check Python code against some of the docstring style conventions in PEP 257
[1.650s] -- Added test 'xmllint' to check XML markup files
[1.656s] -- Configuring done
[1.697s] -- Generating done
[1.702s] -- Build files have been written to: /home/tony/ws_mobile/build/mobile_robot
[1.745s] Invoked command in '/home/tony/ws_mobile/build/mobile_robot' returned '0': CMAKE_PREFIX_PATH=/opt/ros/humble /usr/bin/cmake --build /home/tony/ws_mobile/build/mobile_robot -- -j4 -l4
[1.795s] Invoking command in '/home/tony/ws_mobile/build/mobile_robot': CMAKE_PREFIX_PATH=/opt/ros/humble /usr/bin/cmake --install /home/tony/ws_mobile/build/mobile_robot
[1.807s] -- Install configuration: ""
[1.814s] -- Installing: /home/tony/ws_mobile/install/mobile_robot/share/mobile_robot/launch
[1.814s] -- Installing: /home/tony/ws_mobile/install/mobile_robot/share/mobile_robot/launch/gazebo_model.launch.py
[1.815s] -- Installing: /home/tony/ws_mobile/install/mobile_robot/share/mobile_robot/model
[1.815s] -- Installing: /home/tony/ws_mobile/install/mobile_robot/share/mobile_robot/model/robot.xacro
[1.816s] -- Installing: /home/tony/ws_mobile/install/mobile_robot/share/mobile_robot/model/robot.gazebo
[1.816s] -- Installing: /home/tony/ws_mobile/install/mobile_robot/share/ament_index/resource_index/package_run_dependencies/mobile_robot
[1.816s] -- Up-to-date: /home/tony/ws_mobile/install/mobile_robot/share/ament_index/resource_index/parent_prefix_path/mobile_robot
[1.817s] -- Up-to-date: /home/tony/ws_mobile/install/mobile_robot/share/mobile_robot/environment/ament_prefix_path.sh
[1.817s] -- Installing: /home/tony/ws_mobile/install/mobile_robot/share/mobile_robot/environment/ament_prefix_path.dsv
[1.817s] -- Up-to-date: /home/tony/ws_mobile/install/mobile_robot/share/mobile_robot/environment/path.sh
[1.817s] -- Installing: /home/tony/ws_mobile/install/mobile_robot/share/mobile_robot/environment/path.dsv
[1.818s] -- Up-to-date: /home/tony/ws_mobile/install/mobile_robot/share/mobile_robot/local_setup.bash
[1.818s] -- Up-to-date: /home/tony/ws_mobile/install/mobile_robot/share/mobile_robot/local_setup.sh
[1.819s] -- Up-to-date: /home/tony/ws_mobile/install/mobile_robot/share/mobile_robot/local_setup.zsh
[1.819s] -- Installing: /home/tony/ws_mobile/install/mobile_robot/share/mobile_robot/local_setup.dsv
[1.819s] -- Installing: /home/tony/ws_mobile/install/mobile_robot/share/mobile_robot/package.dsv
[1.819s] -- Up-to-date: /home/tony/ws_mobile/install/mobile_robot/share/ament_index/resource_index/packages/mobile_robot
[1.819s] -- Up-to-date: /home/tony/ws_mobile/install/mobile_robot/share/mobile_robot/cmake/mobile_robotConfig.cmake
[1.820s] -- Up-to-date: /home/tony/ws_mobile/install/mobile_robot/share/mobile_robot/cmake/mobile_robotConfig-version.cmake
[1.820s] -- Installing: /home/tony/ws_mobile/install/mobile_robot/share/mobile_robot/package.xml
[1.824s] Invoked command in '/home/tony/ws_mobile/build/mobile_robot' returned '0': CMAKE_PREFIX_PATH=/opt/ros/humble /usr/bin/cmake --install /home/tony/ws_mobile/build/mobile_robot
