[0.082s] Invoking command in '/home/tony/ws_mobile/build/mobile_robot': CMAKE_PREFIX_PATH=/opt/ros/humble /usr/bin/cmake /home/tony/ws_mobile/src/mobile_robot -DCMAKE_INSTALL_PREFIX=/home/tony/ws_mobile/install/mobile_robot
[1.659s] -- The C compiler identification is GNU 11.4.0
[2.740s] -- The CXX compiler identification is GNU 11.4.0
[2.846s] -- Detecting C compiler ABI info
[3.270s] -- Detecting C compiler ABI info - done
[3.289s] -- Check for working C compiler: /usr/bin/cc - skipped
[3.290s] -- Detecting C compile features
[3.303s] -- Detecting C compile features - done
[3.311s] -- Detecting CXX compiler ABI info
[3.504s] -- Detecting CXX compiler ABI info - done
[3.517s] -- Check for working CXX compiler: /usr/bin/c++ - skipped
[3.518s] -- Detecting CXX compile features
[3.519s] -- Detecting CXX compile features - done
[3.578s] -- Found ament_cmake: 1.3.10 (/opt/ros/humble/share/ament_cmake/cmake)
[4.065s] -- Found Python3: /usr/bin/python3 (found version "3.10.12") found components: Interpreter 
[4.317s] -- Found ament_lint_auto: 0.12.11 (/opt/ros/humble/share/ament_lint_auto/cmake)
[4.575s] -- Added test 'lint_cmake' to check CMake code style
[4.578s] -- Added test 'xmllint' to check XML markup files
[4.580s] -- Configuring done
[4.585s] -- Generating done
[4.586s] -- Build files have been written to: /home/tony/ws_mobile/build/mobile_robot
[4.595s] Invoked command in '/home/tony/ws_mobile/build/mobile_robot' returned '0': CMAKE_PREFIX_PATH=/opt/ros/humble /usr/bin/cmake /home/tony/ws_mobile/src/mobile_robot -DCMAKE_INSTALL_PREFIX=/home/tony/ws_mobile/install/mobile_robot
[4.598s] Invoking command in '/home/tony/ws_mobile/build/mobile_robot': CMAKE_PREFIX_PATH=/opt/ros/humble /usr/bin/cmake --build /home/tony/ws_mobile/build/mobile_robot -- -j4 -l4
[4.666s] Invoked command in '/home/tony/ws_mobile/build/mobile_robot' returned '0': CMAKE_PREFIX_PATH=/opt/ros/humble /usr/bin/cmake --build /home/tony/ws_mobile/build/mobile_robot -- -j4 -l4
[4.723s] Invoking command in '/home/tony/ws_mobile/build/mobile_robot': CMAKE_PREFIX_PATH=/opt/ros/humble /usr/bin/cmake --install /home/tony/ws_mobile/build/mobile_robot
[4.736s] -- Install configuration: ""
[4.737s] -- Installing: /home/tony/ws_mobile/install/mobile_robot/share/ament_index/resource_index/package_run_dependencies/mobile_robot
[4.737s] -- Installing: /home/tony/ws_mobile/install/mobile_robot/share/ament_index/resource_index/parent_prefix_path/mobile_robot
[4.738s] -- Installing: /home/tony/ws_mobile/install/mobile_robot/share/mobile_robot/environment/ament_prefix_path.sh
[4.739s] -- Installing: /home/tony/ws_mobile/install/mobile_robot/share/mobile_robot/environment/ament_prefix_path.dsv
[4.739s] -- Installing: /home/tony/ws_mobile/install/mobile_robot/share/mobile_robot/environment/path.sh
[4.739s] -- Installing: /home/tony/ws_mobile/install/mobile_robot/share/mobile_robot/environment/path.dsv
[4.740s] -- Installing: /home/tony/ws_mobile/install/mobile_robot/share/mobile_robot/local_setup.bash
[4.740s] -- Installing: /home/tony/ws_mobile/install/mobile_robot/share/mobile_robot/local_setup.sh
[4.740s] -- Installing: /home/tony/ws_mobile/install/mobile_robot/share/mobile_robot/local_setup.zsh
[4.740s] -- Installing: /home/tony/ws_mobile/install/mobile_robot/share/mobile_robot/local_setup.dsv
[4.740s] -- Installing: /home/tony/ws_mobile/install/mobile_robot/share/mobile_robot/package.dsv
[4.741s] -- Installing: /home/tony/ws_mobile/install/mobile_robot/share/ament_index/resource_index/packages/mobile_robot
[4.741s] -- Installing: /home/tony/ws_mobile/install/mobile_robot/share/mobile_robot/cmake/mobile_robotConfig.cmake
[4.741s] -- Installing: /home/tony/ws_mobile/install/mobile_robot/share/mobile_robot/cmake/mobile_robotConfig-version.cmake
[4.742s] -- Installing: /home/tony/ws_mobile/install/mobile_robot/share/mobile_robot/package.xml
[4.745s] Invoked command in '/home/tony/ws_mobile/build/mobile_robot' returned '0': CMAKE_PREFIX_PATH=/opt/ros/humble /usr/bin/cmake --install /home/tony/ws_mobile/build/mobile_robot
