[0.110s] Invoking command in '/home/tony/ws_mobile/build/mobile_robot': CMAKE_PREFIX_PATH=${CMAKE_PREFIX_PATH}:/opt/ros/humble /usr/bin/cmake --build /home/tony/ws_mobile/build/mobile_robot -- -j4 -l4
[0.677s] Invoked command in '/home/tony/ws_mobile/build/mobile_robot' returned '0': CMAKE_PREFIX_PATH=${CMAKE_PREFIX_PATH}:/opt/ros/humble /usr/bin/cmake --build /home/tony/ws_mobile/build/mobile_robot -- -j4 -l4
[0.726s] Invoking command in '/home/tony/ws_mobile/build/mobile_robot': CMAKE_PREFIX_PATH=${CMAKE_PREFIX_PATH}:/opt/ros/humble /usr/bin/cmake --install /home/tony/ws_mobile/build/mobile_robot
[0.738s] -- Install configuration: ""
[0.739s] -- Up-to-date: /home/tony/ws_mobile/install/mobile_robot/share/mobile_robot/launch
[0.739s] -- Installing: /home/tony/ws_mobile/install/mobile_robot/share/mobile_robot/launch/gazebo_model.launch.py
[0.752s] -- Up-to-date: /home/tony/ws_mobile/install/mobile_robot/share/mobile_robot/model
[0.752s] -- Up-to-date: /home/tony/ws_mobile/install/mobile_robot/share/mobile_robot/model/robot.xacro
[0.752s] -- Installing: /home/tony/ws_mobile/install/mobile_robot/share/mobile_robot/model/pan_tilt.urdf
[0.753s] -- Up-to-date: /home/tony/ws_mobile/install/mobile_robot/share/mobile_robot/model/robot.gazebo
[0.753s] -- Up-to-date: /home/tony/ws_mobile/install/mobile_robot/share/ament_index/resource_index/package_run_dependencies/mobile_robot
[0.753s] -- Up-to-date: /home/tony/ws_mobile/install/mobile_robot/share/ament_index/resource_index/parent_prefix_path/mobile_robot
[0.753s] -- Up-to-date: /home/tony/ws_mobile/install/mobile_robot/share/mobile_robot/environment/ament_prefix_path.sh
[0.754s] -- Up-to-date: /home/tony/ws_mobile/install/mobile_robot/share/mobile_robot/environment/ament_prefix_path.dsv
[0.754s] -- Up-to-date: /home/tony/ws_mobile/install/mobile_robot/share/mobile_robot/environment/path.sh
[0.754s] -- Up-to-date: /home/tony/ws_mobile/install/mobile_robot/share/mobile_robot/environment/path.dsv
[0.754s] -- Up-to-date: /home/tony/ws_mobile/install/mobile_robot/share/mobile_robot/local_setup.bash
[0.755s] -- Up-to-date: /home/tony/ws_mobile/install/mobile_robot/share/mobile_robot/local_setup.sh
[0.755s] -- Up-to-date: /home/tony/ws_mobile/install/mobile_robot/share/mobile_robot/local_setup.zsh
[0.755s] -- Up-to-date: /home/tony/ws_mobile/install/mobile_robot/share/mobile_robot/local_setup.dsv
[0.755s] -- Installing: /home/tony/ws_mobile/install/mobile_robot/share/mobile_robot/package.dsv
[0.774s] -- Up-to-date: /home/tony/ws_mobile/install/mobile_robot/share/ament_index/resource_index/packages/mobile_robot
[0.775s] -- Up-to-date: /home/tony/ws_mobile/install/mobile_robot/share/mobile_robot/cmake/mobile_robotConfig.cmake
[0.775s] -- Up-to-date: /home/tony/ws_mobile/install/mobile_robot/share/mobile_robot/cmake/mobile_robotConfig-version.cmake
[0.775s] -- Up-to-date: /home/tony/ws_mobile/install/mobile_robot/share/mobile_robot/package.xml
[0.779s] Invoked command in '/home/tony/ws_mobile/build/mobile_robot' returned '0': CMAKE_PREFIX_PATH=${CMAKE_PREFIX_PATH}:/opt/ros/humble /usr/bin/cmake --install /home/tony/ws_mobile/build/mobile_robot
