[0.095s] Invoking command in '/home/tony/ws_mobile/build/mobile_robot': CMAKE_PREFIX_PATH=/opt/ros/humble /usr/bin/cmake --build /home/tony/ws_mobile/build/mobile_robot -- -j4 -l4
[1.419s] Invoked command in '/home/tony/ws_mobile/build/mobile_robot' returned '0': CMAKE_PREFIX_PATH=/opt/ros/humble /usr/bin/cmake --build /home/tony/ws_mobile/build/mobile_robot -- -j4 -l4
[1.474s] Invoking command in '/home/tony/ws_mobile/build/mobile_robot': CMAKE_PREFIX_PATH=/opt/ros/humble /usr/bin/cmake --install /home/tony/ws_mobile/build/mobile_robot
[1.487s] -- Install configuration: ""
[1.495s] -- Up-to-date: /home/tony/ws_mobile/install/mobile_robot/share/ament_index/resource_index/package_run_dependencies/mobile_robot
[1.503s] -- Up-to-date: /home/tony/ws_mobile/install/mobile_robot/share/ament_index/resource_index/parent_prefix_path/mobile_robot
[1.504s] -- Up-to-date: /home/tony/ws_mobile/install/mobile_robot/share/mobile_robot/environment/ament_prefix_path.sh
[1.505s] -- Up-to-date: /home/tony/ws_mobile/install/mobile_robot/share/mobile_robot/environment/ament_prefix_path.dsv
[1.505s] -- Up-to-date: /home/tony/ws_mobile/install/mobile_robot/share/mobile_robot/environment/path.sh
[1.506s] -- Up-to-date: /home/tony/ws_mobile/install/mobile_robot/share/mobile_robot/environment/path.dsv
[1.507s] -- Up-to-date: /home/tony/ws_mobile/install/mobile_robot/share/mobile_robot/local_setup.bash
[1.507s] -- Up-to-date: /home/tony/ws_mobile/install/mobile_robot/share/mobile_robot/local_setup.sh
[1.507s] -- Up-to-date: /home/tony/ws_mobile/install/mobile_robot/share/mobile_robot/local_setup.zsh
[1.508s] -- Up-to-date: /home/tony/ws_mobile/install/mobile_robot/share/mobile_robot/local_setup.dsv
[1.508s] -- Up-to-date: /home/tony/ws_mobile/install/mobile_robot/share/mobile_robot/package.dsv
[1.509s] -- Up-to-date: /home/tony/ws_mobile/install/mobile_robot/share/ament_index/resource_index/packages/mobile_robot
[1.513s] -- Up-to-date: /home/tony/ws_mobile/install/mobile_robot/share/mobile_robot/cmake/mobile_robotConfig.cmake
[1.513s] -- Up-to-date: /home/tony/ws_mobile/install/mobile_robot/share/mobile_robot/cmake/mobile_robotConfig-version.cmake
[1.514s] -- Up-to-date: /home/tony/ws_mobile/install/mobile_robot/share/mobile_robot/package.xml
[1.520s] Invoked command in '/home/tony/ws_mobile/build/mobile_robot' returned '0': CMAKE_PREFIX_PATH=/opt/ros/humble /usr/bin/cmake --install /home/tony/ws_mobile/build/mobile_robot
